2023-10-02 09:10:30.917 INFO [main] [org.springframework.test.context.support.AnnotationConfigContextLoaderUtils.detectDefaultConfigurationClasses(AnnotationConfigContextLoaderUtils.java:83)] - Could not detect default configuration classes for test class [com.aws.sns.Webhook2ApplicationTests]: Webhook2ApplicationTests does not declare any static, non-private, non-final, nested classes annotated with @Configuration.
2023-10-02 09:10:31.085 INFO [main] [org.springframework.boot.test.context.SpringBootTestContextBootstrapper.getOrFindConfigurationClasses(SpringBootTestContextBootstrapper.java:248)] - Found @SpringBootConfiguration com.aws.sns.Webhook2Application for test class com.aws.sns.Webhook2ApplicationTests
2023-10-02 09:10:31.601 INFO [main] [org.springframework.boot.StartupInfoLogger.logStarting(StartupInfoLogger.java:51)] - Starting Webhook2ApplicationTests using Java 17.0.8 with PID 34926 (started by rajesaws in /Users/rajesaws/Documents/java-workspace/Webhook2)
2023-10-02 09:10:31.606 INFO [main] [org.springframework.boot.SpringApplication.logStartupProfileInfo(SpringApplication.java:637)] - No active profile set, falling back to 1 default profile: "default"
2023-10-02 09:10:33.428 INFO [main] [org.springframework.boot.StartupInfoLogger.logStarted(StartupInfoLogger.java:57)] - Started Webhook2ApplicationTests in 2.162 seconds (process running for 4.157)
2023-10-02 09:14:18.122 INFO [main] [org.springframework.test.context.support.AnnotationConfigContextLoaderUtils.detectDefaultConfigurationClasses(AnnotationConfigContextLoaderUtils.java:83)] - Could not detect default configuration classes for test class [com.aws.sns.Webhook2ApplicationTests]: Webhook2ApplicationTests does not declare any static, non-private, non-final, nested classes annotated with @Configuration.
2023-10-02 09:14:18.280 INFO [main] [org.springframework.boot.test.context.SpringBootTestContextBootstrapper.getOrFindConfigurationClasses(SpringBootTestContextBootstrapper.java:248)] - Found @SpringBootConfiguration com.aws.sns.Webhook2Application for test class com.aws.sns.Webhook2ApplicationTests
2023-10-02 09:14:18.814 INFO [main] [org.springframework.boot.StartupInfoLogger.logStarting(StartupInfoLogger.java:51)] - Starting Webhook2ApplicationTests using Java 17.0.8 with PID 35967 (started by rajesaws in /Users/rajesaws/Documents/java-workspace/Webhook2)
2023-10-02 09:14:18.820 INFO [main] [org.springframework.boot.SpringApplication.logStartupProfileInfo(SpringApplication.java:637)] - No active profile set, falling back to 1 default profile: "default"
2023-10-02 09:14:20.700 INFO [main] [org.springframework.boot.StartupInfoLogger.logStarted(StartupInfoLogger.java:57)] - Started Webhook2ApplicationTests in 2.223 seconds (process running for 4.051)
2023-10-02 09:32:24.968 INFO [main] [org.springframework.boot.StartupInfoLogger.logStarting(StartupInfoLogger.java:51)] - Starting Webhook2Application using Java 17.0.4 with PID 39340 (/Users/rajesaws/Documents/java-workspace/Webhook2/target/classes started by rajesaws in /Users/rajesaws/Documents/java-workspace/Webhook2)
2023-10-02 09:32:24.975 INFO [main] [org.springframework.boot.SpringApplication.logStartupProfileInfo(SpringApplication.java:637)] - No active profile set, falling back to 1 default profile: "default"
2023-10-02 09:32:25.758 INFO [main] [org.springframework.boot.web.embedded.tomcat.TomcatWebServer.initialize(TomcatWebServer.java:108)] - Tomcat initialized with port(s): 8080 (http)
2023-10-02 09:32:25.765 INFO [main] [org.apache.juli.logging.DirectJDKLog.log(DirectJDKLog.java:173)] - Initializing ProtocolHandler ["http-nio-8080"]
2023-10-02 09:32:25.766 INFO [main] [org.apache.juli.logging.DirectJDKLog.log(DirectJDKLog.java:173)] - Starting service [Tomcat]
2023-10-02 09:32:25.767 INFO [main] [org.apache.juli.logging.DirectJDKLog.log(DirectJDKLog.java:173)] - Starting Servlet engine: [Apache Tomcat/10.1.13]
2023-10-02 09:32:25.883 INFO [main] [org.apache.juli.logging.DirectJDKLog.log(DirectJDKLog.java:173)] - Initializing Spring embedded WebApplicationContext
2023-10-02 09:32:25.885 INFO [main] [org.springframework.boot.web.servlet.context.ServletWebServerApplicationContext.prepareWebApplicationContext(ServletWebServerApplicationContext.java:291)] - Root WebApplicationContext: initialization completed in 842 ms
2023-10-02 09:32:26.203 INFO [main] [org.apache.juli.logging.DirectJDKLog.log(DirectJDKLog.java:173)] - Starting ProtocolHandler ["http-nio-8080"]
2023-10-02 09:32:26.213 INFO [main] [org.springframework.boot.web.embedded.tomcat.TomcatWebServer.start(TomcatWebServer.java:220)] - Tomcat started on port(s): 8080 (http) with context path ''
2023-10-02 09:32:26.222 INFO [main] [org.springframework.boot.StartupInfoLogger.logStarted(StartupInfoLogger.java:57)] - Started Webhook2Application in 1.587 seconds (process running for 2.656)
2023-10-02 09:32:43.730 INFO [http-nio-8080-exec-1] [org.apache.juli.logging.DirectJDKLog.log(DirectJDKLog.java:173)] - Initializing Spring DispatcherServlet 'dispatcherServlet'
2023-10-02 09:32:43.730 INFO [http-nio-8080-exec-1] [org.springframework.web.servlet.FrameworkServlet.initServletBean(FrameworkServlet.java:532)] - Initializing Servlet 'dispatcherServlet'
2023-10-02 09:32:43.733 INFO [http-nio-8080-exec-1] [org.springframework.web.servlet.FrameworkServlet.initServletBean(FrameworkServlet.java:554)] - Completed initialization in 3 ms
2023-10-02 10:11:56.734 INFO [main] [org.springframework.test.context.support.AnnotationConfigContextLoaderUtils.detectDefaultConfigurationClasses(AnnotationConfigContextLoaderUtils.java:83)] - Could not detect default configuration classes for test class [com.aws.sns.Webhook2ApplicationTests]: Webhook2ApplicationTests does not declare any static, non-private, non-final, nested classes annotated with @Configuration.
2023-10-02 10:11:56.891 INFO [main] [org.springframework.boot.test.context.SpringBootTestContextBootstrapper.getOrFindConfigurationClasses(SpringBootTestContextBootstrapper.java:248)] - Found @SpringBootConfiguration com.aws.sns.Webhook2Application for test class com.aws.sns.Webhook2ApplicationTests
2023-10-02 10:11:57.368 INFO [main] [org.springframework.boot.StartupInfoLogger.logStarting(StartupInfoLogger.java:51)] - Starting Webhook2ApplicationTests using Java 17.0.8 with PID 43853 (started by rajesaws in /Users/rajesaws/Documents/java-workspace/Webhook2)
2023-10-02 10:11:57.377 INFO [main] [org.springframework.boot.SpringApplication.logStartupProfileInfo(SpringApplication.java:637)] - No active profile set, falling back to 1 default profile: "default"
2023-10-02 10:11:59.100 INFO [main] [org.springframework.boot.StartupInfoLogger.logStarted(StartupInfoLogger.java:57)] - Started Webhook2ApplicationTests in 2.027 seconds (process running for 3.847)
2023-10-02 16:37:26.148 INFO [RMI TCP Connection(428)-127.0.0.1] [org.springframework.boot.admin.SpringApplicationAdminMXBeanRegistrar$SpringApplicationAdmin.shutdown(SpringApplicationAdminMXBeanRegistrar.java:159)] - Application shutdown requested.
2023-10-02 16:37:26.172 INFO [RMI TCP Connection(428)-127.0.0.1] [org.apache.juli.logging.DirectJDKLog.log(DirectJDKLog.java:173)] - Pausing ProtocolHandler ["http-nio-8080"]
2023-10-02 16:37:26.172 INFO [RMI TCP Connection(428)-127.0.0.1] [org.apache.juli.logging.DirectJDKLog.log(DirectJDKLog.java:173)] - Stopping service [Tomcat]
2023-10-02 16:37:26.175 INFO [RMI TCP Connection(428)-127.0.0.1] [org.apache.juli.logging.DirectJDKLog.log(DirectJDKLog.java:173)] - Destroying Spring FrameworkServlet 'dispatcherServlet'
2023-10-02 16:37:26.184 INFO [RMI TCP Connection(428)-127.0.0.1] [org.apache.juli.logging.DirectJDKLog.log(DirectJDKLog.java:173)] - Stopping ProtocolHandler ["http-nio-8080"]
2023-10-02 16:37:26.188 INFO [RMI TCP Connection(428)-127.0.0.1] [org.apache.juli.logging.DirectJDKLog.log(DirectJDKLog.java:173)] - Destroying ProtocolHandler ["http-nio-8080"]
